[10:48:46.981] Global cache location '/Users/smith/Library/Caches/typescript/4.6', safe file path '/usr/local/lib/node_modules/typescript/lib/typingsafelist.json', types map path /usr/local/lib/node_modules/typescript/lib/typesmap.json
[10:48:46.983] Processing cache location '/Users/smith/Library/Caches/typescript/4.6'
[10:48:46.984] Trying to find '/Users/smith/Library/Caches/typescript/4.6/package.json'...
[10:48:46.986] Loaded content of '/Users/smith/Library/Caches/typescript/4.6/package.json': {"private":true,"dependencies":{"types-registry":"^0.1.604"},"devDependencies":{"@types/dompurify":"^2.3.3","@types/marked":"^4.0.3","@types/node":"^17.0.30","@types/object-assign":"^4.0.30","@types/react":"^18.0.17"}}
[10:48:46.986] Loaded content of '/Users/smith/Library/Caches/typescript/4.6/package-lock.json'
[10:48:47.021] Adding entry into typings cache: 'dompurify' => '/Users/smith/Library/Caches/typescript/4.6/node_modules/@types/dompurify/index.d.ts'
[10:48:47.036] Adding entry into typings cache: 'marked' => '/Users/smith/Library/Caches/typescript/4.6/node_modules/@types/marked/index.d.ts'
[10:48:47.048] Adding entry into typings cache: 'node' => '/Users/smith/Library/Caches/typescript/4.6/node_modules/@types/node/index.d.ts'
[10:48:47.053] Adding entry into typings cache: 'object-assign' => '/Users/smith/Library/Caches/typescript/4.6/node_modules/@types/object-assign/index.d.ts'
[10:48:47.065] Adding entry into typings cache: 'react' => '/Users/smith/Library/Caches/typescript/4.6/node_modules/@types/react/index.d.ts'
[10:48:47.068] Finished processing cache location '/Users/smith/Library/Caches/typescript/4.6'
[10:48:47.068] Process id: 6192
[10:48:47.069] NPM location: /usr/local/bin/npm (explicit '--npmLocation' not  provided)
[10:48:47.069] validateDefaultNpmLocation: false
[10:48:47.069] Npm config file: /Users/smith/Library/Caches/typescript/4.6/package.json
[10:48:47.070] Updating types-registry npm package...
[10:48:47.070] Exec: /usr/local/bin/npm install --ignore-scripts types-registry@latest
[10:48:49.539]     Succeeded. stdout:
    + types-registry@0.1.604
    updated 1 package and audited 10 packages in 1.103s
found 0 vulnerabilities


[10:48:49.540] Updated types-registry npm package
[10:48:49.584] Got install request {"projectName":"/dev/null/inferredProject1*","fileNames":["/usr/local/lib/node_modules/typescript/lib/lib.es5.d.ts","/usr/local/lib/node_modules/typescript/lib/lib.es2015.d.ts","/usr/local/lib/node_modules/typescript/lib/lib.es2016.d.ts","/usr/local/lib/node_modules/typescript/lib/lib.dom.d.ts","/usr/local/lib/node_modules/typescript/lib/lib.dom.iterable.d.ts","/usr/local/lib/node_modules/typescript/lib/lib.webworker.importscripts.d.ts","/usr/local/lib/node_modules/typescript/lib/lib.scripthost.d.ts","/usr/local/lib/node_modules/typescript/lib/lib.es2015.core.d.ts","/usr/local/lib/node_modules/typescript/lib/lib.es2015.collection.d.ts","/usr/local/lib/node_modules/typescript/lib/lib.es2015.generator.d.ts","/usr/local/lib/node_modules/typescript/lib/lib.es2015.iterable.d.ts","/usr/local/lib/node_modules/typescript/lib/lib.es2015.promise.d.ts","/usr/local/lib/node_modules/typescript/lib/lib.es2015.proxy.d.ts","/usr/local/lib/node_modules/typescript/lib/lib.es2015.reflect.d.ts","/usr/local/lib/node_modules/typescript/lib/lib.es2015.symbol.d.ts","/usr/local/lib/node_modules/typescript/lib/lib.es2015.symbol.wellknown.d.ts","/usr/local/lib/node_modules/typescript/lib/lib.es2016.array.include.d.ts","/usr/local/lib/node_modules/typescript/lib/lib.es2016.full.d.ts","/Users/smith/projects/rails-learning/practice-projects/blabber/app/javascript/controllers/settings_controller.js"],"compilerOptions":{"module":1,"target":3,"jsx":1,"allowJs":true,"allowSyntheticDefaultImports":true,"allowNonTsExtensions":true,"noEmitForJsFiles":true,"maxNodeModuleJsDepth":2},"typeAcquisition":{"enable":true,"include":[],"exclude":[]},"unresolvedImports":[],"projectRootPath":"/Users/smith/projects/rails-learning/practice-projects/blabber/app/javascript/controllers","kind":"discover"}
[10:48:49.604] Loaded safelist from types map file '/usr/local/lib/node_modules/typescript/lib/typesmap.json'
[10:48:49.605] Explicitly included types: []
[10:48:49.606] Inferred typings from unresolved imports: []
[10:48:49.606] Result: {"cachedTypingPaths":[],"newTypingNames":[],"filesToWatch":["/Users/smith/projects/rails-learning/practice-projects/blabber/app/javascript/controllers/bower_components","/Users/smith/projects/rails-learning/practice-projects/blabber/app/javascript/controllers/node_modules"]}
[10:48:49.607] Finished typings discovery: {"cachedTypingPaths":[],"newTypingNames":[],"filesToWatch":["/Users/smith/projects/rails-learning/practice-projects/blabber/app/javascript/controllers/bower_components","/Users/smith/projects/rails-learning/practice-projects/blabber/app/javascript/controllers/node_modules"]}
[10:48:49.607] DirectoryWatcher:: Added:: WatchInfo: /Users/smith/projects/rails-learning/practice-projects/blabber/app/javascript/controllers/bower_components
[10:48:49.608] DirectoryWatcher:: Added:: WatchInfo: /Users/smith/projects/rails-learning/practice-projects/blabber/app/javascript/controllers/bower_components 1 undefined Project: /dev/null/inferredProject1* watcher already invoked: false
[10:48:49.609] Elapsed:: 1.4055490493774414ms DirectoryWatcher:: Added:: WatchInfo: /Users/smith/projects/rails-learning/practice-projects/blabber/app/javascript/controllers/bower_components 1 undefined Project: /dev/null/inferredProject1* watcher already invoked: false
[10:48:49.610] DirectoryWatcher:: Added:: WatchInfo: /Users/smith/projects/rails-learning/practice-projects/blabber/app/javascript/controllers/node_modules
[10:48:49.610] DirectoryWatcher:: Added:: WatchInfo: /Users/smith/projects/rails-learning/practice-projects/blabber/app/javascript/controllers/node_modules 1 undefined Project: /dev/null/inferredProject1* watcher already invoked: false
[10:48:49.610] Elapsed:: 0.2034759521484375ms DirectoryWatcher:: Added:: WatchInfo: /Users/smith/projects/rails-learning/practice-projects/blabber/app/javascript/controllers/node_modules 1 undefined Project: /dev/null/inferredProject1* watcher already invoked: false
[10:48:49.610] Sending response:
    {"projectName":"/dev/null/inferredProject1*","typeAcquisition":{"enable":true,"include":[],"exclude":[]},"compilerOptions":{"module":1,"target":3,"jsx":1,"allowJs":true,"allowSyntheticDefaultImports":true,"allowNonTsExtensions":true,"noEmitForJsFiles":true,"maxNodeModuleJsDepth":2},"typings":[],"unresolvedImports":[],"kind":"action::set"}
[10:48:49.611] Response has been sent.
[10:48:49.611] No new typings were requested as a result of typings discovery
